<?xml version="1.0" encoding="UTF-8"?>
<!-- Generated by org.testng.reporters.JUnitReportReporter -->
<testsuite hostname="hp-pc" failures="0" tests="1" name="com.crm.JENKINS.Sample" time="0.022" errors="0" timestamp="18 Jun 2021 13:36:40 GMT" skipped="0">
  <testcase classname="com.crm.JENKINS.Sample" name="read" time="0.022"/>
</testsuite> <!-- com.crm.JENKINS.Sample -->
